[INFO] [launch]: All log files can be found below /home/urs/.ros/log/2023-06-05-13-52-23-617977-kohakulinux-32716
[INFO] [launch]: Default logging verbosity is set to INFO
[INFO] [gazebo-1]: process started with pid [32718]
[INFO] [command_node-2]: process started with pid [32720]
[INFO] [nav2_gazebo_spawner-3]: process started with pid [32722]
[INFO] [rviz2-4]: process started with pid [32724]
[INFO] [robot_state_publisher-5]: process started with pid [32726]
[INFO] [map_server-6]: process started with pid [32728]
[INFO] [amcl-7]: process started with pid [32730]
[INFO] [lifecycle_manager-8]: process started with pid [32732]
[INFO] [static_transform_publisher-9]: process started with pid [32734]
[INFO] [local_tf_pub-10]: process started with pid [32736]
[INFO] [global_to_local_tf_pub-11]: process started with pid [32738]
[INFO] [fake_range-12]: process started with pid [32740]
[INFO] [locator-13]: process started with pid [32742]
[INFO] [controller-14]: process started with pid [32744]
[INFO] [scoring-15]: process started with pid [32746]
[INFO] [simple_goal-16]: process started with pid [32748]
[robot_state_publisher-5] [WARN] [1685965944.147046765] [robotA.robot_state_publisher]: No robot_description parameter, but command-line argument available.  Assuming argument is name of URDF file.  This backwards compatibility fallback will be removed in the future.
[static_transform_publisher-9] [INFO] [1685965944.152443181] [robotA.world_map_tf_static_pub]: Spinning until stopped - publishing transform
[static_transform_publisher-9] translation: ('0.000000', '0.000000', '0.000000')
[static_transform_publisher-9] rotation: ('0.000000', '0.000000', '0.000000', '1.000000')
[static_transform_publisher-9] from 'world' to 'map'
[lifecycle_manager-8] [INFO] [1685965944.156636139] [robotA.lifecycle_manager_localization]: Creating
[lifecycle_manager-8] [INFO] [1685965944.159160031] [robotA.lifecycle_manager_localization]: [34m[1mCreating and initializing lifecycle service clients[0m[0m
[amcl-7] [INFO] [1685965944.160540960] [robotA.amcl]: 
[amcl-7] 	amcl lifecycle node launched. 
[amcl-7] 	Waiting on external lifecycle transitions to activate
[amcl-7] 	See https://design.ros2.org/articles/node_lifecycle.html for more information.
[amcl-7] [INFO] [1685965944.162526166] [robotA.amcl]: Creating
[map_server-6] [INFO] [1685965944.191572698] [robotA.map_server]: 
[map_server-6] 	map_server lifecycle node launched. 
[map_server-6] 	Waiting on external lifecycle transitions to activate
[map_server-6] 	See https://design.ros2.org/articles/node_lifecycle.html for more information.
[map_server-6] [INFO] [1685965944.191763955] [robotA.map_server]: Creating
[lifecycle_manager-8] [INFO] [1685965944.192026566] [robotA.lifecycle_manager_localization]: [34m[1mStarting managed nodes bringup...[0m[0m
[lifecycle_manager-8] [INFO] [1685965944.192274248] [robotA.lifecycle_manager_localization]: [34m[1mConfiguring map_server[0m[0m
[rviz2-4] QStandardPaths: error creating runtime directory '/run/user/1000' (Permission denied)
[robot_state_publisher-5] [INFO] [1685965944.212395456] [robotA.robot_state_publisher]: got segment base_footprint
[robot_state_publisher-5] [INFO] [1685965944.212448445] [robotA.robot_state_publisher]: got segment base_link
[robot_state_publisher-5] [INFO] [1685965944.212454867] [robotA.robot_state_publisher]: got segment base_scan
[robot_state_publisher-5] [INFO] [1685965944.212459906] [robotA.robot_state_publisher]: got segment caster_back_link
[robot_state_publisher-5] [INFO] [1685965944.212464565] [robotA.robot_state_publisher]: got segment imu_link
[robot_state_publisher-5] [INFO] [1685965944.212469093] [robotA.robot_state_publisher]: got segment wheel_left_link
[robot_state_publisher-5] [INFO] [1685965944.212473562] [robotA.robot_state_publisher]: got segment wheel_right_link
[map_server-6] [INFO] [1685965944.321912512] [robotA.map_server]: Configuring
[map_server-6] [INFO] [map_io]: Loading yaml file: /home/urs/ItR/tutorials/install/driving_swarm_bringup/share/driving_swarm_bringup/maps/icra2021_map_no_obstacle.yaml
[map_server-6] [DEBUG] [map_io]: resolution: 0.05
[map_server-6] [DEBUG] [map_io]: origin[0]: -3
[map_server-6] [DEBUG] [map_io]: origin[1]: -3.39
[map_server-6] [DEBUG] [map_io]: origin[2]: 0
[map_server-6] [DEBUG] [map_io]: free_thresh: 0.25
[map_server-6] [DEBUG] [map_io]: occupied_thresh: 0.65
[map_server-6] [DEBUG] [map_io]: mode: trinary
[map_server-6] [DEBUG] [map_io]: negate: 0
[map_server-6] [INFO] [map_io]: Loading image_file: /home/urs/ItR/tutorials/install/driving_swarm_bringup/share/driving_swarm_bringup/maps/icra2021_map_no_obstacle.pgm
[map_server-6] [DEBUG] [map_io]: Read map /home/urs/ItR/tutorials/install/driving_swarm_bringup/share/driving_swarm_bringup/maps/icra2021_map_no_obstacle.pgm: 149 X 107 map @ 0.05 m/cell
[lifecycle_manager-8] [INFO] [1685965944.346024090] [robotA.lifecycle_manager_localization]: [34m[1mConfiguring amcl[0m[0m
[amcl-7] [INFO] [1685965944.346356211] [robotA.amcl]: Configuring
[amcl-7] [INFO] [1685965944.346483919] [robotA.amcl]: initTransforms
[amcl-7] [INFO] [1685965944.360533310] [robotA.amcl]: initPubSub
[amcl-7] [INFO] [1685965944.377117725] [robotA.amcl]: Subscribed to map topic.
[lifecycle_manager-8] [INFO] [1685965944.390968315] [robotA.lifecycle_manager_localization]: [34m[1mActivating map_server[0m[0m
[map_server-6] [INFO] [1685965944.391226938] [robotA.map_server]: Activating
[map_server-6] [INFO] [1685965944.391547005] [robotA.map_server]: Creating bond (map_server) to lifecycle manager.
[amcl-7] [INFO] [1685965944.402147317] [robotA.amcl]: Received a 149 X 107 map @ 0.050 m/pix
[lifecycle_manager-8] [INFO] [1685965944.497909141] [robotA.lifecycle_manager_localization]: Server map_server connected with bond.
[lifecycle_manager-8] [INFO] [1685965944.497973541] [robotA.lifecycle_manager_localization]: [34m[1mActivating amcl[0m[0m
[amcl-7] [INFO] [1685965944.499446612] [robotA.amcl]: Activating
[amcl-7] [INFO] [1685965944.499506954] [robotA.amcl]: Creating bond (amcl) to lifecycle manager.
[lifecycle_manager-8] [INFO] [1685965944.603786622] [robotA.lifecycle_manager_localization]: Server amcl connected with bond.
[lifecycle_manager-8] [INFO] [1685965944.603850431] [robotA.lifecycle_manager_localization]: [34m[1mManaged nodes are active[0m[0m
[lifecycle_manager-8] [INFO] [1685965944.603869016] [robotA.lifecycle_manager_localization]: [34m[1mCreating bond timer...[0m[0m
[rviz2-4] [INFO] [1685965944.822536965] [rviz2]: Stereo is NOT SUPPORTED
[rviz2-4] [INFO] [1685965944.823989137] [rviz2]: OpenGl version: 4.6 (GLSL 4.6)
[rviz2-4] [INFO] [1685965944.950577076] [rviz2]: Stereo is NOT SUPPORTED
[rviz2-4] [INFO] [1685965945.344421903] [rviz2]: Trying to create a map of size 149 x 107 using 1 swatches
[rviz2-4] [ERROR] [1685965945.351421161] [rviz2]: Vertex Program:rviz/glsl120/indexed_8bit_image.vert Fragment Program:rviz/glsl120/indexed_8bit_image.frag GLSL link result : 
[rviz2-4] active samplers with a different type refer to the same texture image unit
[locator-13] [INFO] [1685965945.370771891] [robotA.locator_node]: locator node started
[scoring-15] [INFO] [1685965945.422540677] [robotA.scoring_node]: scoring node started
[controller-14] [INFO] [1685965945.433109980] [robotA.velocity_controller]: controller node started
[local_tf_pub-10] [INFO] [1685965945.459184183] [robotA.local_tf_pub]: starting node [32mlocal_tf_pub[0m
[gazebo-1] Gazebo multi-robot simulator, version 11.10.2
[gazebo-1] Copyright (C) 2012 Open Source Robotics Foundation.
[gazebo-1] Released under the Apache 2 License.
[gazebo-1] http://gazebosim.org
[gazebo-1] 
[command_node-2] [INFO] [1685965945.519585917] [command_node]: starting node [32mcommand_node[0m
[command_node-2] /opt/ros/humble/local/lib/python3.10/dist-packages/rclpy/qos.py:307: UserWarning: ReliabilityPolicy.RMW_QOS_POLICY_RELIABILITY_RELIABLE is deprecated. Use ReliabilityPolicy.RELIABLE instead.
[command_node-2]   warnings.warn(
[command_node-2] /opt/ros/humble/local/lib/python3.10/dist-packages/rclpy/qos.py:307: UserWarning: DurabilityPolicy.RMW_QOS_POLICY_DURABILITY_TRANSIENT_LOCAL is deprecated. Use DurabilityPolicy.TRANSIENT_LOCAL instead.
[command_node-2]   warnings.warn(
[command_node-2] [INFO] [1685965945.528854643] [command_node]: subscribing /robotA/status
[command_node-2] [INFO] [1685965945.530010100] [command_node]: [32mready[0m
[gazebo-1] Gazebo multi-robot simulator, version 11.10.2
[gazebo-1] Copyright (C) 2012 Open Source Robotics Foundation.
[gazebo-1] Released under the Apache 2 License.
[gazebo-1] http://gazebosim.org
[gazebo-1] 
[simple_goal-16] [INFO] [1685965945.558941507] [robotA.simple_goal_provider]: starting node [32msimple_goal_provider[0m
[fake_range-12] [INFO] [1685965945.562092260] [robotA.range_node]: anchors: [{'x': 0.0, 'y': 0.0, 'z': 1.0}, {'x': 1.0, 'y': 0.0, 'z': 1.0}, {'x': 0.0, 'z': 1.0, 'y': 1.0}, {'x': 1.0, 'y': 1.0, 'z': 1.0}, {'x': 0.0, 'y': 0.0, 'z': 2.0}]
[fake_range-12] [INFO] [1685965945.562632168] [robotA.range_node]: achors: [{'x': 0.0, 'y': 0.0, 'z': 1.0, 'ox': 0.0, 'oy': 0.0, 'oz': 0.0, 'sigma': 0.0, 'mu': 1.0}, {'x': 1.0, 'y': 0.0, 'z': 1.0, 'ox': 0.0, 'oy': 0.0, 'oz': 0.0, 'sigma': 0.0, 'mu': 1.0}, {'x': 0.0, 'z': 1.0, 'y': 1.0, 'ox': 0.0, 'oy': 0.0, 'oz': 0.0, 'sigma': 0.0, 'mu': 1.0}, {'x': 1.0, 'y': 1.0, 'z': 1.0, 'ox': 0.0, 'oy': 0.0, 'oz': 0.0, 'sigma': 0.0, 'mu': 1.0}, {'x': 0.0, 'y': 0.0, 'z': 2.0, 'ox': 0.0, 'oy': 0.0, 'oz': 0.0, 'sigma': 0.0, 'mu': 1.0}]
[fake_range-12] [INFO] [1685965945.563906577] [robotA.range_node]: waiting for transform map -> world
[simple_goal-16] [INFO] [1685965945.569404522] [robotA.simple_goal_provider]: [geometry_msgs.msg.PoseStamped(header=std_msgs.msg.Header(stamp=builtin_interfaces.msg.Time(sec=0, nanosec=0), frame_id='map'), pose=geometry_msgs.msg.Pose(position=geometry_msgs.msg.Point(x=2.0, y=-0.3, z=0.0), orientation=geometry_msgs.msg.Quaternion(x=0.0, y=0.0, z=0.0, w=1.0))), geometry_msgs.msg.PoseStamped(header=std_msgs.msg.Header(stamp=builtin_interfaces.msg.Time(sec=0, nanosec=0), frame_id='map'), pose=geometry_msgs.msg.Pose(position=geometry_msgs.msg.Point(x=0.8, y=-1.0, z=0.0), orientation=geometry_msgs.msg.Quaternion(x=0.0, y=0.0, z=0.0, w=1.0))), geometry_msgs.msg.PoseStamped(header=std_msgs.msg.Header(stamp=builtin_interfaces.msg.Time(sec=0, nanosec=0), frame_id='map'), pose=geometry_msgs.msg.Pose(position=geometry_msgs.msg.Point(x=2.4, y=-1.5, z=0.0), orientation=geometry_msgs.msg.Quaternion(x=0.0, y=0.0, z=-0.6816387600233341, w=0.7316888688738209)))]
[simple_goal-16] [INFO] [1685965945.577220736] [robotA.simple_goal_provider]: waiting for tf [33msimple_goal_provider[0m
[global_to_local_tf_pub-11] [INFO] [1685965945.617080808] [robotA.global_to_local_tf_pub]: starting node [32mlocal_to_global_tf_pub[0m
[nav2_gazebo_spawner-3] [INFO] [1685965945.646926692] [spawner_robotA]: starting node [32mspawner_robotA[0m
[nav2_gazebo_spawner-3] [INFO] [1685965945.650750562] [spawner_robotA]: Creating Service client to connect to `/spawn_entity`
[nav2_gazebo_spawner-3] [INFO] [1685965945.651124790] [spawner_robotA]: args=Namespace(robot_name='robotA', robot_namespace='robotA', x=0.0, y=0.0, z=0.0, yaw=0.0, turtlebot_type='burger', sdf=None)
[nav2_gazebo_spawner-3] [INFO] [1685965945.653757636] [spawner_robotA]: Connecting to `/spawn_entity` service...
[gazebo-1] Failed to create secure directory (/run/user/1000/pulse): No such file or directory
[gazebo-1] ALSA lib pcm_dmix.c:1032:(snd_pcm_dmix_open) unable to open slave
[gazebo-1] AL lib: (EE) ALCplaybackAlsa_open: Could not open playback device 'default': No such file or directory
[gazebo-1] [1;31m[Err] [OpenAL.cc:84] [0m[1;31mUnable to open audio device[[0m[1;31mdefault[0m[1;31m]
[gazebo-1]  Audio will be disabled.
[gazebo-1] [1;32m[Msg] [0m[1;32mWaiting for master.[0m[1;32m
[gazebo-1] [0m[1;32m[0m[1;32m[0m[1;32m[Msg] [0m[1;32mConnected to gazebo master @ [0m[1;32mhttp://127.0.0.1:11345[0m[1;32m
[gazebo-1] [0m[1;32m[0m[1;32m[0m[1;32m[Msg] [0m[1;32mPublicized address: [0m[1;32m10.0.24.34[0m[1;32m
[gazebo-1] [0m[1;32m[0m[1;32m[0m[1;32m[Msg] [0m[1;32mLoading world file [[0m[1;32m/home/urs/ItR/tutorials//src/driving_swarm_infrastructure/src/driving_swarm_bringup/worlds/icra2021_no_obstacle.world[0m[1;32m][0m[1;32m
[nav2_gazebo_spawner-3] [INFO] [1685965946.405545109] [spawner_robotA]: ...connected!
[nav2_gazebo_spawner-3] [INFO] [1685965946.406060221] [spawner_robotA]: spawning `robotA` on namespace `robotA` at 0.0, 0.0, 0.0
[nav2_gazebo_spawner-3] [INFO] [1685965946.407093640] [spawner_robotA]: sdf: /opt/ros/humble/share/turtlebot3_gazebo/models/turtlebot3_burger/model.sdf
[nav2_gazebo_spawner-3] [INFO] [1685965946.408326652] [spawner_robotA]: Sending service request to `/spawn_entity`
[gazebo-1] [0m[INFO] [1685965946.425577240] [gazebo_ros_state]: Publishing states of gazebo models at [/model_states]
[gazebo-1] [INFO] [1685965946.426721417] [gazebo_ros_state]: Publishing states of gazebo links at [/link_states]
[locator-13] [WARN] [1685965946.510431209] [robotA.locator_node]: not init
[nav2_gazebo_spawner-3] [INFO] [1685965946.523354648] [spawner_robotA]: lifecycle_msgs.srv.GetState_Response(current_state=lifecycle_msgs.msg.State(id=3, label='active'))
[gazebo-1] [0m[1;32m[0m[1;32m[0m[1;32m[Msg] [0m[1;32mWaiting for master.[0m[1;32m
[gazebo-1] [0m[1;32m[0m[1;32m[0m[1;32m[Msg] [0m[1;32mConnected to gazebo master @ [0m[1;32mhttp://127.0.0.1:11345[0m[1;32m
[gazebo-1] [0m[1;32m[0m[1;32m[0m[1;32m[Msg] [0m[1;32mPublicized address: [0m[1;32m10.0.24.34[0m[1;32m
[gazebo-1] [1;31m[Err] [GuiIface.cc:124] [0m[1;31mQStandardPaths: error creating runtime directory '/run/user/1000' (Permission denied)[0m[1;31m
[gazebo-1] [0m[1;31m[0m[1;31m[0m[INFO] [1685965946.720287336] [robotA.turtlebot3_imu]: <initial_orientation_as_reference> is unset, using default value of false to comply with REP 145 (world as orientation reference)
[gazebo-1] [INFO] [1685965946.927981106] [robotA.turtlebot3_diff_drive]: Wheel pair 1 separation set to [0.160000m]
[gazebo-1] [INFO] [1685965946.928040607] [robotA.turtlebot3_diff_drive]: Wheel pair 1 diameter set to [0.066000m]
[gazebo-1] [INFO] [1685965946.929481136] [robotA.turtlebot3_diff_drive]: Subscribed to [/robotA/cmd_vel]
[gazebo-1] [INFO] [1685965946.931969512] [robotA.turtlebot3_diff_drive]: Advertise odometry on [/robotA/odom]
[gazebo-1] [INFO] [1685965946.935857091] [robotA.turtlebot3_diff_drive]: Publishing odom transforms between [odom] and [base_footprint]
[gazebo-1] [INFO] [1685965946.954174961] [robotA.turtlebot3_joint_state]: Going to publish joint [wheel_left_joint]
[gazebo-1] [INFO] [1685965946.954226287] [robotA.turtlebot3_joint_state]: Going to publish joint [wheel_right_joint]
[amcl-7] [INFO] [1685965947.211178827] [robotA.amcl]: createLaserObject
[amcl-7] [WARN] [1685965947.220686128] [robotA.amcl]: AMCL cannot publish a pose or update the transform. Please set the initial pose...
[locator-13] [WARN] [1685965947.360256816] [robotA.locator_node]: not init
[amcl-7] [INFO] [1685965948.061917830] [robotA.amcl]: Message Filter dropping message: frame 'base_scan' at time 115.697 for reason 'the timestamp on the message is earlier than all the data in the transform cache'
[locator-13] [WARN] [1685965948.364567639] [robotA.locator_node]: not init
[rviz2-4] [INFO] [1685965949.030520042] [robotA.rviz]: Message Filter dropping message: frame 'base_scan' at time 115.697 for reason 'discarding message because the queue is full'
[amcl-7] [WARN] [1685965949.222031327] [robotA.amcl]: AMCL cannot publish a pose or update the transform. Please set the initial pose...
[rviz2-4] [INFO] [1685965949.223001308] [robotA.rviz]: Message Filter dropping message: frame 'base_scan' at time 115.898 for reason 'discarding message because the queue is full'
[locator-13] [WARN] [1685965949.367130298] [robotA.locator_node]: not init
[rviz2-4] [INFO] [1685965949.414868729] [robotA.rviz]: Message Filter dropping message: frame 'base_scan' at time 116.098 for reason 'discarding message because the queue is full'
[rviz2-4] [INFO] [1685965949.639158515] [robotA.rviz]: Message Filter dropping message: frame 'base_scan' at time 116.298 for reason 'discarding message because the queue is full'
[rviz2-4] [INFO] [1685965949.830511635] [robotA.rviz]: Message Filter dropping message: frame 'base_scan' at time 116.498 for reason 'discarding message because the queue is full'
[rviz2-4] [INFO] [1685965950.023140387] [robotA.rviz]: Message Filter dropping message: frame 'base_scan' at time 116.698 for reason 'discarding message because the queue is full'
[rviz2-4] [INFO] [1685965950.246787353] [robotA.rviz]: Message Filter dropping message: frame 'base_scan' at time 116.898 for reason 'discarding message because the queue is full'
[locator-13] [WARN] [1685965950.368751238] [robotA.locator_node]: not init
[rviz2-4] [INFO] [1685965950.438862772] [robotA.rviz]: Message Filter dropping message: frame 'base_scan' at time 117.098 for reason 'discarding message because the queue is full'
[rviz2-4] [INFO] [1685965950.630966814] [robotA.rviz]: Message Filter dropping message: frame 'base_scan' at time 117.298 for reason 'discarding message because the queue is full'
[rviz2-4] [INFO] [1685965950.822942287] [robotA.rviz]: Message Filter dropping message: frame 'base_scan' at time 117.498 for reason 'discarding message because the queue is full'
[rviz2-4] [INFO] [1685965951.046486951] [robotA.rviz]: Message Filter dropping message: frame 'base_scan' at time 117.698 for reason 'discarding message because the queue is full'
[amcl-7] [WARN] [1685965951.231936008] [robotA.amcl]: AMCL cannot publish a pose or update the transform. Please set the initial pose...
[rviz2-4] [INFO] [1685965951.238695970] [robotA.rviz]: Message Filter dropping message: frame 'base_scan' at time 117.898 for reason 'discarding message because the queue is full'
[locator-13] [WARN] [1685965951.372197998] [robotA.locator_node]: not init
[rviz2-4] [INFO] [1685965951.431009413] [robotA.rviz]: Message Filter dropping message: frame 'base_scan' at time 118.098 for reason 'discarding message because the queue is full'
[nav2_gazebo_spawner-3] [INFO] [1685965951.529436474] [spawner_robotA]: Sending initial pose
[amcl-7] [INFO] [1685965951.530220939] [robotA.amcl]: initialPoseReceived
[amcl-7] [WARN] [1685965951.530386498] [robotA.amcl]: Failed to transform initial pose in time (Lookup would require extrapolation into the future.  Requested time 1685965951.529690 but the latest data is at time 120.185000, when looking up transform from frame [odom] to frame [base_footprint])
[amcl-7] [INFO] [1685965951.530413478] [robotA.amcl]: Setting pose (120.151000): 0.000 0.000 0.000
[nav2_gazebo_spawner-3] [INFO] [1685965951.530602892] [spawner_robotA]: Done! Shutting down self.
[nav2_gazebo_spawner-3] response: gazebo_msgs.srv.SpawnEntity_Response(success=False, status_message='Entity pushed to spawn queue, but spawn service timed outwaiting for entity to appear in simulation under the name [robotA]')
[nav2_gazebo_spawner-3] response: lifecycle_msgs.srv.GetState_Response(current_state=lifecycle_msgs.msg.State(id=3, label='active'))
[rviz2-4] [INFO] [1685965951.622701316] [robotA.rviz]: Message Filter dropping message: frame 'base_scan' at time 118.298 for reason 'discarding message because the queue is full'
[INFO] [nav2_gazebo_spawner-3]: process has finished cleanly [pid 32722]
[rviz2-4] [INFO] [1685965951.846329286] [robotA.rviz]: Message Filter dropping message: frame 'base_scan' at time 118.498 for reason 'discarding message because the queue is full'
[rviz2-4] [INFO] [1685965952.038659230] [robotA.rviz]: Message Filter dropping message: frame 'base_scan' at time 118.698 for reason 'discarding message because the queue is full'
[rviz2-4] [INFO] [1685965952.231249481] [robotA.rviz]: Message Filter dropping message: frame 'base_scan' at time 118.898 for reason 'discarding message because the queue is full'
[locator-13] [WARN] [1685965952.375586960] [robotA.locator_node]: not init
[rviz2-4] [INFO] [1685965952.423088559] [robotA.rviz]: Message Filter dropping message: frame 'base_scan' at time 119.098 for reason 'discarding message because the queue is full'
[rviz2-4] [INFO] [1685965952.646265927] [robotA.rviz]: Message Filter dropping message: frame 'base_scan' at time 119.298 for reason 'discarding message because the queue is full'
[locator-13] [WARN] [1685965953.379516581] [robotA.locator_node]: not init
[locator-13] [WARN] [1685965954.382651518] [robotA.locator_node]: not init
[locator-13] [WARN] [1685965955.384511825] [robotA.locator_node]: not init
[locator-13] [WARN] [1685965956.388461363] [robotA.locator_node]: not init
[locator-13] [WARN] [1685965957.391475365] [robotA.locator_node]: not init
[locator-13] [WARN] [1685965958.396056532] [robotA.locator_node]: not init
[locator-13] [WARN] [1685965959.399377467] [robotA.locator_node]: not init
[locator-13] [WARN] [1685965960.404649494] [robotA.locator_node]: not init
[rviz2-4] [INFO] [1685965960.851024049] [robotA.rviz]: Message Filter dropping message: frame 'base_scan' at time 119.498 for reason 'the timestamp on the message is earlier than all the data in the transform cache'
[rviz2-4] [INFO] [1685965961.055891231] [robotA.rviz]: Message Filter dropping message: frame 'base_scan' at time 119.698 for reason 'the timestamp on the message is earlier than all the data in the transform cache'
[rviz2-4] [INFO] [1685965961.260764865] [robotA.rviz]: Message Filter dropping message: frame 'base_scan' at time 119.898 for reason 'the timestamp on the message is earlier than all the data in the transform cache'
[locator-13] [WARN] [1685965961.408359135] [robotA.locator_node]: not init
[rviz2-4] [INFO] [1685965961.465632699] [robotA.rviz]: Message Filter dropping message: frame 'base_scan' at time 120.098 for reason 'the timestamp on the message is earlier than all the data in the transform cache'
[rviz2-4] [INFO] [1685965961.670534245] [robotA.rviz]: Message Filter dropping message: frame 'base_scan' at time 120.298 for reason 'the timestamp on the message is earlier than all the data in the transform cache'
[rviz2-4] [INFO] [1685965961.875539515] [robotA.rviz]: Message Filter dropping message: frame 'base_scan' at time 120.498 for reason 'the timestamp on the message is earlier than all the data in the transform cache'
[rviz2-4] [INFO] [1685965962.079821585] [robotA.rviz]: Message Filter dropping message: frame 'base_scan' at time 120.698 for reason 'the timestamp on the message is earlier than all the data in the transform cache'
[rviz2-4] [INFO] [1685965962.284089999] [robotA.rviz]: Message Filter dropping message: frame 'base_scan' at time 120.898 for reason 'the timestamp on the message is earlier than all the data in the transform cache'
[locator-13] [WARN] [1685965962.410554688] [robotA.locator_node]: not init
[rviz2-4] [INFO] [1685965962.454065165] [robotA.rviz]: Message Filter dropping message: frame 'base_scan' at time 121.098 for reason 'the timestamp on the message is earlier than all the data in the transform cache'
[locator-13] [WARN] [1685965963.413481887] [robotA.locator_node]: not init
[locator-13] [WARN] [1685965964.417196237] [robotA.locator_node]: not init
[locator-13] [WARN] [1685965965.420763681] [robotA.locator_node]: not init
[locator-13] [WARN] [1685965966.424212825] [robotA.locator_node]: not init
[locator-13] [WARN] [1685965967.428738479] [robotA.locator_node]: not init
[locator-13] [WARN] [1685965968.431304384] [robotA.locator_node]: not init
[locator-13] [WARN] [1685965969.435274951] [robotA.locator_node]: not init
[locator-13] [WARN] [1685965970.439404536] [robotA.locator_node]: not init
[locator-13] [WARN] [1685965971.442611427] [robotA.locator_node]: not init
[locator-13] [WARN] [1685965972.447581481] [robotA.locator_node]: not init
[locator-13] [WARN] [1685965973.451303655] [robotA.locator_node]: not init
[locator-13] [WARN] [1685965974.453328389] [robotA.locator_node]: not init
[locator-13] [WARN] [1685965975.456297787] [robotA.locator_node]: not init
[locator-13] [WARN] [1685965976.460158670] [robotA.locator_node]: not init
[locator-13] [WARN] [1685965977.462512218] [robotA.locator_node]: not init
[locator-13] [WARN] [1685965978.467243887] [robotA.locator_node]: not init
[locator-13] [WARN] [1685965979.471258076] [robotA.locator_node]: not init
[locator-13] [WARN] [1685965980.474662246] [robotA.locator_node]: not init
[locator-13] [WARN] [1685965981.477721281] [robotA.locator_node]: not init
[locator-13] [WARN] [1685965982.482367100] [robotA.locator_node]: not init
[locator-13] [WARN] [1685965983.486200150] [robotA.locator_node]: not init
[locator-13] [WARN] [1685965984.491353967] [robotA.locator_node]: not init
[locator-13] [WARN] [1685965985.494415257] [robotA.locator_node]: not init
[locator-13] [WARN] [1685965986.497214407] [robotA.locator_node]: not init
[locator-13] [WARN] [1685965987.499236066] [robotA.locator_node]: not init
[locator-13] [WARN] [1685965988.502692083] [robotA.locator_node]: not init
[locator-13] [WARN] [1685965989.506802491] [robotA.locator_node]: not init
[locator-13] [WARN] [1685965990.510651962] [robotA.locator_node]: not init
[locator-13] [WARN] [1685965991.512784668] [robotA.locator_node]: not init
[locator-13] [WARN] [1685965992.514627614] [robotA.locator_node]: not init
[locator-13] [WARN] [1685965993.516584942] [robotA.locator_node]: not init
[locator-13] [WARN] [1685965994.521529127] [robotA.locator_node]: not init
[locator-13] [WARN] [1685965995.524622186] [robotA.locator_node]: not init
[locator-13] [WARN] [1685965996.527136896] [robotA.locator_node]: not init
[locator-13] [WARN] [1685965997.529506835] [robotA.locator_node]: not init
[locator-13] [WARN] [1685965998.533589121] [robotA.locator_node]: not init
[locator-13] [WARN] [1685965999.537884485] [robotA.locator_node]: not init
[locator-13] [WARN] [1685966000.540531461] [robotA.locator_node]: not init
[locator-13] [WARN] [1685966001.543734115] [robotA.locator_node]: not init
[locator-13] [WARN] [1685966002.546871927] [robotA.locator_node]: not init
[locator-13] [WARN] [1685966003.550283621] [robotA.locator_node]: not init
[locator-13] [WARN] [1685966004.554026934] [robotA.locator_node]: not init
[locator-13] [WARN] [1685966005.556874365] [robotA.locator_node]: not init
[locator-13] [WARN] [1685966006.561939115] [robotA.locator_node]: not init
[locator-13] [WARN] [1685966007.563816685] [robotA.locator_node]: not init
[locator-13] [WARN] [1685966008.568835520] [robotA.locator_node]: not init
[locator-13] [WARN] [1685966009.572404618] [robotA.locator_node]: not init
[locator-13] [WARN] [1685966010.575635233] [robotA.locator_node]: not init
[locator-13] [WARN] [1685966011.578540572] [robotA.locator_node]: not init
[locator-13] [WARN] [1685966012.581461880] [robotA.locator_node]: not init
[locator-13] [WARN] [1685966013.583504669] [robotA.locator_node]: not init
[locator-13] [WARN] [1685966014.587199491] [robotA.locator_node]: not init
[locator-13] [WARN] [1685966015.590142881] [robotA.locator_node]: not init
[locator-13] [WARN] [1685966016.592715258] [robotA.locator_node]: not init
[locator-13] [WARN] [1685966017.596292160] [robotA.locator_node]: not init
[locator-13] [WARN] [1685966018.599296033] [robotA.locator_node]: not init
[locator-13] [WARN] [1685966019.604098443] [robotA.locator_node]: not init
[locator-13] [WARN] [1685966020.606463303] [robotA.locator_node]: not init
[locator-13] [WARN] [1685966021.609196109] [robotA.locator_node]: not init
[locator-13] [WARN] [1685966022.611082315] [robotA.locator_node]: not init
[locator-13] [WARN] [1685966023.613219660] [robotA.locator_node]: not init
[locator-13] [WARN] [1685966024.617357169] [robotA.locator_node]: not init
[locator-13] [WARN] [1685966025.621339448] [robotA.locator_node]: not init
[locator-13] [WARN] [1685966026.624613445] [robotA.locator_node]: not init
[locator-13] [WARN] [1685966027.626499451] [robotA.locator_node]: not init
[locator-13] [WARN] [1685966028.629089501] [robotA.locator_node]: not init
[locator-13] [WARN] [1685966029.632994646] [robotA.locator_node]: not init
[locator-13] [WARN] [1685966030.637054921] [robotA.locator_node]: not init
[locator-13] [WARN] [1685966031.641243395] [robotA.locator_node]: not init
[locator-13] [WARN] [1685966032.645920352] [robotA.locator_node]: not init
[locator-13] [WARN] [1685966033.650344055] [robotA.locator_node]: not init
[locator-13] [WARN] [1685966034.654034920] [robotA.locator_node]: not init
[locator-13] [WARN] [1685966035.657603217] [robotA.locator_node]: not init
[locator-13] [WARN] [1685966036.662035697] [robotA.locator_node]: not init
[locator-13] [WARN] [1685966037.664349320] [robotA.locator_node]: not init
[locator-13] [WARN] [1685966038.668358490] [robotA.locator_node]: not init
[locator-13] [WARN] [1685966039.671838251] [robotA.locator_node]: not init
[locator-13] [WARN] [1685966040.675451121] [robotA.locator_node]: not init
[locator-13] [WARN] [1685966041.679709546] [robotA.locator_node]: not init
[locator-13] [WARN] [1685966042.682392399] [robotA.locator_node]: not init
[locator-13] [WARN] [1685966043.684850082] [robotA.locator_node]: not init
[locator-13] [WARN] [1685966044.688602041] [robotA.locator_node]: not init
[locator-13] [WARN] [1685966045.693343057] [robotA.locator_node]: not init
[locator-13] [WARN] [1685966046.696886447] [robotA.locator_node]: not init
[locator-13] [WARN] [1685966047.699925134] [robotA.locator_node]: not init
[locator-13] [WARN] [1685966048.704588345] [robotA.locator_node]: not init
[locator-13] [WARN] [1685966049.708498470] [robotA.locator_node]: not init
[locator-13] [WARN] [1685966050.712701732] [robotA.locator_node]: not init
[locator-13] [WARN] [1685966051.715070749] [robotA.locator_node]: not init
[locator-13] [WARN] [1685966052.719457403] [robotA.locator_node]: not init
[locator-13] [WARN] [1685966053.723658170] [robotA.locator_node]: not init
[locator-13] [WARN] [1685966054.727649857] [robotA.locator_node]: not init
[locator-13] [WARN] [1685966055.732128954] [robotA.locator_node]: not init
[locator-13] [WARN] [1685966056.735378806] [robotA.locator_node]: not init
[locator-13] [WARN] [1685966057.740150279] [robotA.locator_node]: not init
[locator-13] [WARN] [1685966058.744052098] [robotA.locator_node]: not init
[locator-13] [WARN] [1685966059.748673420] [robotA.locator_node]: not init
[locator-13] [WARN] [1685966060.751391319] [robotA.locator_node]: not init
[locator-13] [WARN] [1685966061.754116241] [robotA.locator_node]: not init
[locator-13] [WARN] [1685966062.757369689] [robotA.locator_node]: not init
[locator-13] [WARN] [1685966063.759968466] [robotA.locator_node]: not init
[locator-13] [WARN] [1685966064.761901880] [robotA.locator_node]: not init
[locator-13] [WARN] [1685966065.765100826] [robotA.locator_node]: not init
[locator-13] [WARN] [1685966066.767874740] [robotA.locator_node]: not init
[locator-13] [WARN] [1685966067.773358592] [robotA.locator_node]: not init
[locator-13] [WARN] [1685966068.775599571] [robotA.locator_node]: not init
[locator-13] [WARN] [1685966069.779545853] [robotA.locator_node]: not init
[locator-13] [WARN] [1685966070.783172879] [robotA.locator_node]: not init
[locator-13] [WARN] [1685966071.786622824] [robotA.locator_node]: not init
[locator-13] [WARN] [1685966072.790266081] [robotA.locator_node]: not init
[locator-13] [WARN] [1685966073.794583556] [robotA.locator_node]: not init
[locator-13] [WARN] [1685966074.797286917] [robotA.locator_node]: not init
[locator-13] [WARN] [1685966075.801101443] [robotA.locator_node]: not init
[locator-13] [WARN] [1685966076.804661865] [robotA.locator_node]: not init
[locator-13] [WARN] [1685966077.809274261] [robotA.locator_node]: not init
[locator-13] [WARN] [1685966078.813007656] [robotA.locator_node]: not init
[locator-13] [WARN] [1685966079.815754057] [robotA.locator_node]: not init
[locator-13] [WARN] [1685966080.818859780] [robotA.locator_node]: not init
[locator-13] [WARN] [1685966081.823295216] [robotA.locator_node]: not init
[locator-13] [WARN] [1685966082.826649182] [robotA.locator_node]: not init
[locator-13] [WARN] [1685966083.731120797] [robotA.locator_node]: not init
[locator-13] [WARN] [1685966084.734768472] [robotA.locator_node]: not init
[locator-13] [WARN] [1685966085.737653012] [robotA.locator_node]: not init
[locator-13] [WARN] [1685966086.740806333] [robotA.locator_node]: not init
[locator-13] [WARN] [1685966087.743789187] [robotA.locator_node]: not init
[locator-13] [WARN] [1685966088.747382640] [robotA.locator_node]: not init
[locator-13] [WARN] [1685966089.751131423] [robotA.locator_node]: not init
[locator-13] [WARN] [1685966090.753560743] [robotA.locator_node]: not init
[locator-13] [WARN] [1685966091.757433328] [robotA.locator_node]: not init
[locator-13] [WARN] [1685966092.761869875] [robotA.locator_node]: not init
[locator-13] [WARN] [1685966093.764415933] [robotA.locator_node]: not init
[locator-13] [WARN] [1685966094.767437098] [robotA.locator_node]: not init
[locator-13] [WARN] [1685966095.770573097] [robotA.locator_node]: not init
[locator-13] [WARN] [1685966096.774354521] [robotA.locator_node]: not init
[locator-13] [WARN] [1685966097.779925457] [robotA.locator_node]: not init
[locator-13] [WARN] [1685966098.784336366] [robotA.locator_node]: not init
[locator-13] [WARN] [1685966099.787005885] [robotA.locator_node]: not init
[locator-13] [WARN] [1685966100.789604280] [robotA.locator_node]: not init
[locator-13] [WARN] [1685966101.793060497] [robotA.locator_node]: not init
[locator-13] [WARN] [1685966102.795396824] [robotA.locator_node]: not init
[locator-13] [WARN] [1685966103.797838076] [robotA.locator_node]: not init
[locator-13] [WARN] [1685966104.801669133] [robotA.locator_node]: not init
[locator-13] [WARN] [1685966105.804666784] [robotA.locator_node]: not init
[locator-13] [WARN] [1685966106.807393569] [robotA.locator_node]: not init
[locator-13] [WARN] [1685966107.810649793] [robotA.locator_node]: not init
[locator-13] [WARN] [1685966108.814323496] [robotA.locator_node]: not init
[locator-13] [WARN] [1685966109.817361482] [robotA.locator_node]: not init
[locator-13] [WARN] [1685966110.820353533] [robotA.locator_node]: not init
[locator-13] [WARN] [1685966111.823825038] [robotA.locator_node]: not init
[locator-13] [WARN] [1685966112.827823318] [robotA.locator_node]: not init
[locator-13] [WARN] [1685966113.831807681] [robotA.locator_node]: not init
[locator-13] [WARN] [1685966114.836046269] [robotA.locator_node]: not init
[locator-13] [WARN] [1685966115.838518539] [robotA.locator_node]: not init
[locator-13] [WARN] [1685966116.841597962] [robotA.locator_node]: not init
[locator-13] [WARN] [1685966117.844518369] [robotA.locator_node]: not init
[locator-13] [WARN] [1685966118.848256853] [robotA.locator_node]: not init
[locator-13] [WARN] [1685966119.851749298] [robotA.locator_node]: not init
[locator-13] [WARN] [1685966120.854631984] [robotA.locator_node]: not init
[locator-13] [WARN] [1685966121.859268265] [robotA.locator_node]: not init
[locator-13] [WARN] [1685966122.863034951] [robotA.locator_node]: not init
[locator-13] [WARN] [1685966123.867425303] [robotA.locator_node]: not init
[locator-13] [WARN] [1685966124.871596916] [robotA.locator_node]: not init
[locator-13] [WARN] [1685966125.874341404] [robotA.locator_node]: not init
[locator-13] [WARN] [1685966126.877259576] [robotA.locator_node]: not init
[locator-13] [WARN] [1685966127.881521277] [robotA.locator_node]: not init
[locator-13] [WARN] [1685966128.885185162] [robotA.locator_node]: not init
[locator-13] [WARN] [1685966129.888864716] [robotA.locator_node]: not init
[locator-13] [WARN] [1685966130.891373705] [robotA.locator_node]: not init
[locator-13] [WARN] [1685966131.894235803] [robotA.locator_node]: not init
[locator-13] [WARN] [1685966132.897587264] [robotA.locator_node]: not init
[locator-13] [WARN] [1685966133.902789832] [robotA.locator_node]: not init
[locator-13] [WARN] [1685966134.908411422] [robotA.locator_node]: not init
[locator-13] [WARN] [1685966135.912991137] [robotA.locator_node]: not init
[locator-13] [WARN] [1685966136.916123199] [robotA.locator_node]: not init
[locator-13] [WARN] [1685966137.919717474] [robotA.locator_node]: not init
[locator-13] [WARN] [1685966138.921819192] [robotA.locator_node]: not init
[locator-13] [WARN] [1685966139.924968246] [robotA.locator_node]: not init
[locator-13] [WARN] [1685966140.927435777] [robotA.locator_node]: not init
[locator-13] [WARN] [1685966141.930715995] [robotA.locator_node]: not init
[locator-13] [WARN] [1685966142.934217086] [robotA.locator_node]: not init
[locator-13] [WARN] [1685966143.937473340] [robotA.locator_node]: not init
[locator-13] [WARN] [1685966144.940258514] [robotA.locator_node]: not init
[locator-13] [WARN] [1685966145.943237611] [robotA.locator_node]: not init
[locator-13] [WARN] [1685966146.947340846] [robotA.locator_node]: not init
[locator-13] [WARN] [1685966147.952321960] [robotA.locator_node]: not init
[locator-13] [WARN] [1685966148.956276768] [robotA.locator_node]: not init
[locator-13] [WARN] [1685966149.959541508] [robotA.locator_node]: not init
[locator-13] [WARN] [1685966150.962977537] [robotA.locator_node]: not init
[locator-13] [WARN] [1685966151.965181125] [robotA.locator_node]: not init
[locator-13] [WARN] [1685966152.968132720] [robotA.locator_node]: not init
[locator-13] [WARN] [1685966153.973500296] [robotA.locator_node]: not init
[locator-13] [WARN] [1685966154.975281827] [robotA.locator_node]: not init
[locator-13] [WARN] [1685966155.978321626] [robotA.locator_node]: not init
[locator-13] [WARN] [1685966156.980695282] [robotA.locator_node]: not init
[locator-13] [WARN] [1685966157.984774262] [robotA.locator_node]: not init
[locator-13] [WARN] [1685966158.989252147] [robotA.locator_node]: not init
[locator-13] [WARN] [1685966159.990983503] [robotA.locator_node]: not init
[locator-13] [WARN] [1685966160.993389009] [robotA.locator_node]: not init
[locator-13] [WARN] [1685966161.996547029] [robotA.locator_node]: not init
[locator-13] [WARN] [1685966163.001428097] [robotA.locator_node]: not init
[locator-13] [WARN] [1685966164.004901365] [robotA.locator_node]: not init
[locator-13] [WARN] [1685966165.008175663] [robotA.locator_node]: not init
[locator-13] [WARN] [1685966166.010862183] [robotA.locator_node]: not init
[locator-13] [WARN] [1685966167.014838581] [robotA.locator_node]: not init
[locator-13] [WARN] [1685966168.018145339] [robotA.locator_node]: not init
[locator-13] [WARN] [1685966169.023020746] [robotA.locator_node]: not init
[locator-13] [WARN] [1685966170.025846206] [robotA.locator_node]: not init
[locator-13] [WARN] [1685966171.030994723] [robotA.locator_node]: not init
[locator-13] [WARN] [1685966172.034467911] [robotA.locator_node]: not init
[locator-13] [WARN] [1685966173.036208315] [robotA.locator_node]: not init
[locator-13] [WARN] [1685966174.039232215] [robotA.locator_node]: not init
[locator-13] [WARN] [1685966175.043411262] [robotA.locator_node]: not init
[locator-13] [WARN] [1685966176.047522161] [robotA.locator_node]: not init
[locator-13] [WARN] [1685966177.051788521] [robotA.locator_node]: not init
[locator-13] [WARN] [1685966178.056813096] [robotA.locator_node]: not init
[locator-13] [WARN] [1685966179.060316592] [robotA.locator_node]: not init
[locator-13] [WARN] [1685966180.061759530] [robotA.locator_node]: not init
[locator-13] [WARN] [1685966181.064844103] [robotA.locator_node]: not init
[locator-13] [WARN] [1685966182.068448327] [robotA.locator_node]: not init
[locator-13] [WARN] [1685966183.071655409] [robotA.locator_node]: not init
[locator-13] [WARN] [1685966184.075615286] [robotA.locator_node]: not init
[locator-13] [WARN] [1685966185.079197408] [robotA.locator_node]: not init
[locator-13] [WARN] [1685966186.082119668] [robotA.locator_node]: not init
[locator-13] [WARN] [1685966187.086318682] [robotA.locator_node]: not init
[locator-13] [WARN] [1685966188.089361798] [robotA.locator_node]: not init
[locator-13] [WARN] [1685966189.093380015] [robotA.locator_node]: not init
[locator-13] [WARN] [1685966190.096085089] [robotA.locator_node]: not init
[locator-13] [WARN] [1685966191.099703329] [robotA.locator_node]: not init
[locator-13] [WARN] [1685966192.105323707] [robotA.locator_node]: not init
[locator-13] [WARN] [1685966193.107945857] [robotA.locator_node]: not init
[locator-13] [WARN] [1685966194.111348203] [robotA.locator_node]: not init
[locator-13] [WARN] [1685966195.114650974] [robotA.locator_node]: not init
[locator-13] [WARN] [1685966196.117953063] [robotA.locator_node]: not init
[locator-13] [WARN] [1685966197.122587761] [robotA.locator_node]: not init
[locator-13] [WARN] [1685966198.123886419] [robotA.locator_node]: not init
[locator-13] [WARN] [1685966199.127610998] [robotA.locator_node]: not init
[locator-13] [WARN] [1685966200.130907837] [robotA.locator_node]: not init
[locator-13] [WARN] [1685966201.133186686] [robotA.locator_node]: not init
[locator-13] [WARN] [1685966202.136242486] [robotA.locator_node]: not init
[locator-13] [WARN] [1685966203.138694989] [robotA.locator_node]: not init
[locator-13] [WARN] [1685966204.141421594] [robotA.locator_node]: not init
[locator-13] [WARN] [1685966205.144231194] [robotA.locator_node]: not init
[locator-13] [WARN] [1685966206.147728848] [robotA.locator_node]: not init
[locator-13] [WARN] [1685966207.150536725] [robotA.locator_node]: not init
[locator-13] [WARN] [1685966208.152712080] [robotA.locator_node]: not init
[locator-13] [WARN] [1685966209.155742863] [robotA.locator_node]: not init
[locator-13] [WARN] [1685966210.157827680] [robotA.locator_node]: not init
[locator-13] [WARN] [1685966211.160542122] [robotA.locator_node]: not init
[locator-13] [WARN] [1685966212.164049575] [robotA.locator_node]: not init
[locator-13] [WARN] [1685966213.167839926] [robotA.locator_node]: not init
[locator-13] [WARN] [1685966214.171393555] [robotA.locator_node]: not init
[locator-13] [WARN] [1685966215.173014275] [robotA.locator_node]: not init
[locator-13] [WARN] [1685966216.175707548] [robotA.locator_node]: not init
[locator-13] [WARN] [1685966217.179134420] [robotA.locator_node]: not init
[locator-13] [WARN] [1685966218.183311844] [robotA.locator_node]: not init
[locator-13] [WARN] [1685966219.186911458] [robotA.locator_node]: not init
[locator-13] [WARN] [1685966220.190353108] [robotA.locator_node]: not init
[locator-13] [WARN] [1685966221.194887308] [robotA.locator_node]: not init
[locator-13] [WARN] [1685966222.198150996] [robotA.locator_node]: not init
[locator-13] [WARN] [1685966223.200361687] [robotA.locator_node]: not init
[locator-13] [WARN] [1685966224.204019681] [robotA.locator_node]: not init
[locator-13] [WARN] [1685966225.207819821] [robotA.locator_node]: not init
[locator-13] [WARN] [1685966226.209799331] [robotA.locator_node]: not init
[locator-13] [WARN] [1685966227.213727729] [robotA.locator_node]: not init
[locator-13] [WARN] [1685966228.217656910] [robotA.locator_node]: not init
[locator-13] [WARN] [1685966229.220872517] [robotA.locator_node]: not init
[locator-13] [WARN] [1685966230.225312000] [robotA.locator_node]: not init
[locator-13] [WARN] [1685966231.229289922] [robotA.locator_node]: not init
[locator-13] [WARN] [1685966232.232466517] [robotA.locator_node]: not init
[locator-13] [WARN] [1685966233.236965781] [robotA.locator_node]: not init
[locator-13] [WARN] [1685966234.240599019] [robotA.locator_node]: not init
[locator-13] [WARN] [1685966235.244204455] [robotA.locator_node]: not init
[locator-13] [WARN] [1685966236.249346870] [robotA.locator_node]: not init
[locator-13] [WARN] [1685966237.252804249] [robotA.locator_node]: not init
[locator-13] [WARN] [1685966238.255964374] [robotA.locator_node]: not init
[locator-13] [WARN] [1685966239.257913076] [robotA.locator_node]: not init
[locator-13] [WARN] [1685966240.261673802] [robotA.locator_node]: not init
[locator-13] [WARN] [1685966241.265128947] [robotA.locator_node]: not init
[locator-13] [WARN] [1685966242.268148058] [robotA.locator_node]: not init
[locator-13] [WARN] [1685966243.270167132] [robotA.locator_node]: not init
[locator-13] [WARN] [1685966244.275031538] [robotA.locator_node]: not init
[locator-13] [WARN] [1685966245.278577633] [robotA.locator_node]: not init
[locator-13] [WARN] [1685966246.281469967] [robotA.locator_node]: not init
[locator-13] [WARN] [1685966247.286289610] [robotA.locator_node]: not init
[locator-13] [WARN] [1685966248.288242521] [robotA.locator_node]: not init
[locator-13] [WARN] [1685966249.290379925] [robotA.locator_node]: not init
[locator-13] [WARN] [1685966250.293779206] [robotA.locator_node]: not init
[locator-13] [WARN] [1685966251.297349727] [robotA.locator_node]: not init
[locator-13] [WARN] [1685966252.302353513] [robotA.locator_node]: not init
[locator-13] [WARN] [1685966253.305705255] [robotA.locator_node]: not init
[locator-13] [WARN] [1685966254.309489505] [robotA.locator_node]: not init
[locator-13] [WARN] [1685966255.314369651] [robotA.locator_node]: not init
[locator-13] [WARN] [1685966256.315982115] [robotA.locator_node]: not init
[locator-13] [WARN] [1685966257.318586612] [robotA.locator_node]: not init
[locator-13] [WARN] [1685966258.322498430] [robotA.locator_node]: not init
[locator-13] [WARN] [1685966259.325796001] [robotA.locator_node]: not init
[locator-13] [WARN] [1685966260.331183714] [robotA.locator_node]: not init
[locator-13] [WARN] [1685966261.335317006] [robotA.locator_node]: not init
[locator-13] [WARN] [1685966262.341859104] [robotA.locator_node]: not init
[locator-13] [WARN] [1685966263.345511528] [robotA.locator_node]: not init
[locator-13] [WARN] [1685966264.348871485] [robotA.locator_node]: not init
[locator-13] [WARN] [1685966265.352725265] [robotA.locator_node]: not init
[locator-13] [WARN] [1685966266.356735476] [robotA.locator_node]: not init
[locator-13] [WARN] [1685966267.361924008] [robotA.locator_node]: not init
[locator-13] [WARN] [1685966268.366427791] [robotA.locator_node]: not init
[locator-13] [WARN] [1685966269.369270813] [robotA.locator_node]: not init
[locator-13] [WARN] [1685966270.372776522] [robotA.locator_node]: not init
[locator-13] [WARN] [1685966271.375078404] [robotA.locator_node]: not init
[locator-13] [WARN] [1685966272.378339547] [robotA.locator_node]: not init
[locator-13] [WARN] [1685966273.380848225] [robotA.locator_node]: not init
[WARNING] [launch]: user interrupted with ctrl-c (SIGINT)
[static_transform_publisher-9] [INFO] [1685966274.367972449] [rclcpp]: signal_handler(signum=2)
[lifecycle_manager-8] [INFO] [1685966274.367976677] [rclcpp]: signal_handler(signum=2)
[map_server-6] [INFO] [1685966274.367980655] [rclcpp]: signal_handler(signum=2)
[amcl-7] [INFO] [1685966274.368001584] [rclcpp]: signal_handler(signum=2)
[rviz2-4] [INFO] [1685966274.368024236] [rclcpp]: signal_handler(signum=2)
[robot_state_publisher-5] [INFO] [1685966274.368045987] [rclcpp]: signal_handler(signum=2)
[locator-13] Traceback (most recent call last):
[locator-13]   File "/home/urs/ItR/tutorials/install/state_estimation/lib/state_estimation/locator", line 33, in <module>
[locator-13]     sys.exit(load_entry_point('state-estimation==0.0.0', 'console_scripts', 'locator')())
[locator-13]   File "/home/urs/ItR/tutorials/install/state_estimation/lib/python3.10/site-packages/state_estimation/locator.py", line 72, in main
[locator-13]     rclpy.spin(node)
[locator-13]   File "/opt/ros/humble/local/lib/python3.10/dist-packages/rclpy/__init__.py", line 222, in spin
[locator-13]     executor.spin_once()
[locator-13]   File "/opt/ros/humble/local/lib/python3.10/dist-packages/rclpy/executors.py", line 705, in spin_once
[locator-13]     handler, entity, node = self.wait_for_ready_callbacks(timeout_sec=timeout_sec)
[locator-13]   File "/opt/ros/humble/local/lib/python3.10/dist-packages/rclpy/executors.py", line 691, in wait_for_ready_callbacks
[locator-13]     return next(self._cb_iter)
[locator-13]   File "/opt/ros/humble/local/lib/python3.10/dist-packages/rclpy/executors.py", line 588, in _wait_for_ready_callbacks
[locator-13]     wait_set.wait(timeout_nsec)
[locator-13] KeyboardInterrupt
[controller-14] Traceback (most recent call last):
[controller-14]   File "/home/urs/ItR/tutorials/install/state_estimation/lib/state_estimation/controller", line 33, in <module>
[controller-14]     sys.exit(load_entry_point('state-estimation==0.0.0', 'console_scripts', 'controller')())
[controller-14]   File "/home/urs/ItR/tutorials/install/state_estimation/lib/python3.10/site-packages/state_estimation/controller.py", line 47, in main
[controller-14]     rclpy.spin(node)
[controller-14]   File "/opt/ros/humble/local/lib/python3.10/dist-packages/rclpy/__init__.py", line 222, in spin
[controller-14]     executor.spin_once()
[controller-14]   File "/opt/ros/humble/local/lib/python3.10/dist-packages/rclpy/executors.py", line 705, in spin_once
[controller-14]     handler, entity, node = self.wait_for_ready_callbacks(timeout_sec=timeout_sec)
[controller-14]   File "/opt/ros/humble/local/lib/python3.10/dist-packages/rclpy/executors.py", line 691, in wait_for_ready_callbacks
[controller-14]     return next(self._cb_iter)
[controller-14]   File "/opt/ros/humble/local/lib/python3.10/dist-packages/rclpy/executors.py", line 588, in _wait_for_ready_callbacks
[controller-14]     wait_set.wait(timeout_nsec)
[controller-14] KeyboardInterrupt
[simple_goal-16] Traceback (most recent call last):
[simple_goal-16]   File "/home/urs/ItR/tutorials/install/goal_provider/lib/goal_provider/simple_goal", line 33, in <module>
[simple_goal-16]     sys.exit(load_entry_point('goal-provider==0.0.0', 'console_scripts', 'simple_goal')())
[simple_goal-16]   File "/home/urs/ItR/tutorials/install/goal_provider/lib/python3.10/site-packages/goal_provider/simple_goal.py", line 73, in main
[simple_goal-16]     node = SimpleGoalProvider()
[simple_goal-16]   File "/home/urs/ItR/tutorials/install/goal_provider/lib/python3.10/site-packages/goal_provider/simple_goal.py", line 44, in __init__
[simple_goal-16]     self.wait_for_tf()
[simple_goal-16]   File "/home/urs/ItR/tutorials/install/driving_swarm_utils/lib/python3.10/site-packages/driving_swarm_utils/node.py", line 49, in wait_for_tf
[simple_goal-16]     rclpy.spin_until_future_complete(self, f)
[simple_goal-16]   File "/opt/ros/humble/local/lib/python3.10/dist-packages/rclpy/__init__.py", line 248, in spin_until_future_complete
[simple_goal-16]     executor.spin_until_future_complete(future, timeout_sec)
[simple_goal-16]   File "/opt/ros/humble/local/lib/python3.10/dist-packages/rclpy/executors.py", line 288, in spin_until_future_complete
[simple_goal-16]     self.spin_once_until_future_complete(future, timeout_sec)
[simple_goal-16]   File "/opt/ros/humble/local/lib/python3.10/dist-packages/rclpy/executors.py", line 716, in spin_once_until_future_complete
[simple_goal-16]     self.spin_once(timeout_sec)
[simple_goal-16]   File "/opt/ros/humble/local/lib/python3.10/dist-packages/rclpy/executors.py", line 705, in spin_once
[simple_goal-16]     handler, entity, node = self.wait_for_ready_callbacks(timeout_sec=timeout_sec)
[simple_goal-16]   File "/opt/ros/humble/local/lib/python3.10/dist-packages/rclpy/executors.py", line 691, in wait_for_ready_callbacks
[simple_goal-16]     return next(self._cb_iter)
[simple_goal-16]   File "/opt/ros/humble/local/lib/python3.10/dist-packages/rclpy/executors.py", line 588, in _wait_for_ready_callbacks
[simple_goal-16]     wait_set.wait(timeout_nsec)
[simple_goal-16] KeyboardInterrupt
[scoring-15] Traceback (most recent call last):
[scoring-15]   File "/home/urs/ItR/tutorials/install/state_estimation/lib/state_estimation/scoring", line 33, in <module>
[scoring-15]     sys.exit(load_entry_point('state-estimation==0.0.0', 'console_scripts', 'scoring')())
[scoring-15]   File "/home/urs/ItR/tutorials/install/state_estimation/lib/python3.10/site-packages/state_estimation/scoring.py", line 52, in main
[scoring-15]     rclpy.spin(node)
[scoring-15]   File "/opt/ros/humble/local/lib/python3.10/dist-packages/rclpy/__init__.py", line 222, in spin
[scoring-15]     executor.spin_once()
[scoring-15]   File "/opt/ros/humble/local/lib/python3.10/dist-packages/rclpy/executors.py", line 705, in spin_once
[scoring-15]     handler, entity, node = self.wait_for_ready_callbacks(timeout_sec=timeout_sec)
[scoring-15]   File "/opt/ros/humble/local/lib/python3.10/dist-packages/rclpy/executors.py", line 691, in wait_for_ready_callbacks
[scoring-15]     return next(self._cb_iter)
[scoring-15]   File "/opt/ros/humble/local/lib/python3.10/dist-packages/rclpy/executors.py", line 588, in _wait_for_ready_callbacks
[scoring-15]     wait_set.wait(timeout_nsec)
[scoring-15] KeyboardInterrupt
[gazebo-1] [1;33m[Wrn] [Event.cc:61] [0m[1;33mWarning: Deleting a connection right after creation. [0m[1;33mMake sure to save the ConnectionPtr from a Connect call
[fake_range-12] Traceback (most recent call last):
[fake_range-12]   File "/home/urs/ItR/tutorials/install/fake_range/lib/fake_range/fake_range", line 33, in <module>
[fake_range-12]     sys.exit(load_entry_point('fake-range==0.0.0', 'console_scripts', 'fake_range')())
[fake_range-12]   File "/home/urs/ItR/tutorials/install/fake_range/lib/python3.10/site-packages/fake_range/fake_range.py", line 93, in main
[fake_range-12]     node = FakeRange()
[fake_range-12]   File "/home/urs/ItR/tutorials/install/fake_range/lib/python3.10/site-packages/fake_range/fake_range.py", line 49, in __init__
[fake_range-12]     rclpy.spin_until_future_complete(self, f)
[fake_range-12]   File "/opt/ros/humble/local/lib/python3.10/dist-packages/rclpy/__init__.py", line 248, in spin_until_future_complete
[fake_range-12]     executor.spin_until_future_complete(future, timeout_sec)
[fake_range-12]   File "/opt/ros/humble/local/lib/python3.10/dist-packages/rclpy/executors.py", line 288, in spin_until_future_complete
[fake_range-12]     self.spin_once_until_future_complete(future, timeout_sec)
[fake_range-12]   File "/opt/ros/humble/local/lib/python3.10/dist-packages/rclpy/executors.py", line 716, in spin_once_until_future_complete
[fake_range-12]     self.spin_once(timeout_sec)
[fake_range-12]   File "/opt/ros/humble/local/lib/python3.10/dist-packages/rclpy/executors.py", line 705, in spin_once
[fake_range-12]     handler, entity, node = self.wait_for_ready_callbacks(timeout_sec=timeout_sec)
[fake_range-12]   File "/opt/ros/humble/local/lib/python3.10/dist-packages/rclpy/executors.py", line 691, in wait_for_ready_callbacks
[fake_range-12]     return next(self._cb_iter)
[fake_range-12]   File "/opt/ros/humble/local/lib/python3.10/dist-packages/rclpy/executors.py", line 588, in _wait_for_ready_callbacks
[fake_range-12]     wait_set.wait(timeout_nsec)
[fake_range-12] KeyboardInterrupt
[command_node-2] [INFO] [1685966274.369633621] [command_node]: got keyboard interrupt, shutting down
[command_node-2] Failed to publish log message to rosout: publisher's context is invalid, at ./src/rcl/publisher.c:389
[global_to_local_tf_pub-11] [INFO] [1685966274.369788861] [robotA.global_to_local_tf_pub]: got keyboard interrupt, shutting down
[global_to_local_tf_pub-11] Failed to publish log message to rosout: publisher's context is invalid, at ./src/rcl/publisher.c:389
[local_tf_pub-10] [INFO] [1685966274.370594846] [robotA.local_tf_pub]: got keyboard interrupt, shutting down
[local_tf_pub-10] Failed to publish log message to rosout: publisher's context is invalid, at ./src/rcl/publisher.c:389
[amcl-7] Warning: class_loader.ClassLoader: SEVERE WARNING!!! Attempting to unload library while objects created by this loader exist in the heap! You should delete your objects before attempting to unload the library or destroying the ClassLoader. The library will NOT be unloaded.
[amcl-7]          at line 127 in ./src/class_loader.cpp
[map_server-6] [INFO] [1685966274.377735658] [robotA.map_server]: Destroying
[amcl-7] [INFO] [1685966274.407025164] [robotA.amcl]: Destroying
[command_node-2] Traceback (most recent call last):
[command_node-2]   File "/home/urs/ItR/tutorials/install/experiment_supervisor/lib/python3.10/site-packages/experiment_supervisor/command_node.py", line 86, in main
[command_node-2]     rclpy.spin(node)
[command_node-2]   File "/opt/ros/humble/local/lib/python3.10/dist-packages/rclpy/__init__.py", line 222, in spin
[command_node-2]     executor.spin_once()
[command_node-2]   File "/opt/ros/humble/local/lib/python3.10/dist-packages/rclpy/executors.py", line 705, in spin_once
[command_node-2]     handler, entity, node = self.wait_for_ready_callbacks(timeout_sec=timeout_sec)
[command_node-2]   File "/opt/ros/humble/local/lib/python3.10/dist-packages/rclpy/executors.py", line 691, in wait_for_ready_callbacks
[command_node-2]     return next(self._cb_iter)
[command_node-2]   File "/opt/ros/humble/local/lib/python3.10/dist-packages/rclpy/executors.py", line 588, in _wait_for_ready_callbacks
[command_node-2]     wait_set.wait(timeout_nsec)
[command_node-2] KeyboardInterrupt
[command_node-2] 
[command_node-2] During handling of the above exception, another exception occurred:
[command_node-2] 
[command_node-2] Traceback (most recent call last):
[command_node-2]   File "/home/urs/ItR/tutorials/install/experiment_supervisor/lib/experiment_supervisor/command_node", line 33, in <module>
[command_node-2]     sys.exit(load_entry_point('experiment-supervisor==0.0.0', 'console_scripts', 'command_node')())
[command_node-2]   File "/home/urs/ItR/tutorials/install/experiment_supervisor/lib/python3.10/site-packages/experiment_supervisor/command_node.py", line 90, in main
[command_node-2]     rclpy.shutdown()
[command_node-2]   File "/opt/ros/humble/local/lib/python3.10/dist-packages/rclpy/__init__.py", line 126, in shutdown
[command_node-2]     _shutdown(context=context)
[command_node-2]   File "/opt/ros/humble/local/lib/python3.10/dist-packages/rclpy/utilities.py", line 58, in shutdown
[command_node-2]     return context.shutdown()
[command_node-2]   File "/opt/ros/humble/local/lib/python3.10/dist-packages/rclpy/context.py", line 102, in shutdown
[command_node-2]     self.__context.shutdown()
[command_node-2] rclpy._rclpy_pybind11.RCLError: failed to shutdown: rcl_shutdown already called on the given context, at ./src/rcl/init.c:241
[INFO] [lifecycle_manager-8]: process has finished cleanly [pid 32732]
[INFO] [static_transform_publisher-9]: process has finished cleanly [pid 32734]
[ERROR] [controller-14]: process has died [pid 32744, exit code -2, cmd '/home/urs/ItR/tutorials/install/state_estimation/lib/state_estimation/controller --ros-args -r __ns:=/robotA --params-file /tmp/launch_params_t8rf7xyl'].
[ERROR] [locator-13]: process has died [pid 32742, exit code -2, cmd '/home/urs/ItR/tutorials/install/state_estimation/lib/state_estimation/locator --ros-args -r __ns:=/robotA --params-file /tmp/launch_params_e2077isp'].
[INFO] [robot_state_publisher-5]: process has finished cleanly [pid 32726]
[INFO] [map_server-6]: process has finished cleanly [pid 32728]
[ERROR] [simple_goal-16]: process has died [pid 32748, exit code -2, cmd '/home/urs/ItR/tutorials/install/goal_provider/lib/goal_provider/simple_goal --ros-args -r __ns:=/robotA --params-file /tmp/launch_params_yh03jvj7'].
[ERROR] [fake_range-12]: process has died [pid 32740, exit code -2, cmd '/home/urs/ItR/tutorials/install/fake_range/lib/fake_range/fake_range --ros-args -r __ns:=/robotA --params-file /tmp/launch_params_gyatnoss'].
[INFO] [amcl-7]: process has finished cleanly [pid 32730]
[ERROR] [scoring-15]: process has died [pid 32746, exit code -2, cmd '/home/urs/ItR/tutorials/install/state_estimation/lib/state_estimation/scoring --ros-args -r __ns:=/robotA --params-file /tmp/launch_params_tukgx6bj'].
[INFO] [rviz2-4]: process has finished cleanly [pid 32724]
[INFO] [local_tf_pub-10]: process has finished cleanly [pid 32736]
[ERROR] [command_node-2]: process has died [pid 32720, exit code 1, cmd '/home/urs/ItR/tutorials/install/experiment_supervisor/lib/experiment_supervisor/command_node --ros-args --params-file /tmp/launch_params_6nypz2dz'].
[INFO] [global_to_local_tf_pub-11]: process has finished cleanly [pid 32738]
[INFO] [gazebo-1]: process has finished cleanly [pid 32718]
[gazebo-1] [0m[1;32m[0m[1;32m[0m[1;36m[0m[1;32m[0m[1;36m[0m[1;32m[0m
[gazebo-1] [0m[1;33m[0m[1;31m[0m[1;33m[0m[1;31m[0m
